I, [2017-07-19T11:35:30.162914 #15403]  INFO -- default-centos-7: -----> Creating <default-centos-7>...
I, [2017-07-19T11:35:30.253500 #15403]  INFO -- default-centos-7: Sending build context to Docker daemon    215kB
I, [2017-07-19T11:35:30.288727 #15403]  INFO -- default-centos-7: Step 1/23 : FROM ansible/centos7-ansible:stable
I, [2017-07-19T11:35:30.288819 #15403]  INFO -- default-centos-7:  ---> 8eb549367ec4
I, [2017-07-19T11:35:30.288854 #15403]  INFO -- default-centos-7: Step 2/23 : ENV container docker
I, [2017-07-19T11:35:30.288903 #15403]  INFO -- default-centos-7:  ---> Using cache
I, [2017-07-19T11:35:30.288959 #15403]  INFO -- default-centos-7:  ---> 00a26e897300
I, [2017-07-19T11:35:30.288983 #15403]  INFO -- default-centos-7: Step 3/23 : RUN yum clean all
I, [2017-07-19T11:35:30.289003 #15403]  INFO -- default-centos-7:  ---> Using cache
I, [2017-07-19T11:35:30.289054 #15403]  INFO -- default-centos-7:  ---> 0525ea17112a
I, [2017-07-19T11:35:30.289076 #15403]  INFO -- default-centos-7: Step 4/23 : RUN yum install -y sudo openssh-server openssh-clients which curl
I, [2017-07-19T11:35:30.289095 #15403]  INFO -- default-centos-7:  ---> Using cache
I, [2017-07-19T11:35:30.289111 #15403]  INFO -- default-centos-7:  ---> 5ea6f4dd41e6
I, [2017-07-19T11:35:30.289128 #15403]  INFO -- default-centos-7: Step 5/23 : RUN ssh-keygen -t rsa -f /etc/ssh/ssh_host_rsa_key -N ''
I, [2017-07-19T11:35:30.291562 #15403]  INFO -- default-centos-7:  ---> Using cache
I, [2017-07-19T11:35:30.291646 #15403]  INFO -- default-centos-7:  ---> 727a49d93fc9
I, [2017-07-19T11:35:30.291677 #15403]  INFO -- default-centos-7: Step 6/23 : RUN ssh-keygen -t dsa -f /etc/ssh/ssh_host_dsa_key -N ''
I, [2017-07-19T11:35:30.291753 #15403]  INFO -- default-centos-7:  ---> Using cache
I, [2017-07-19T11:35:30.291777 #15403]  INFO -- default-centos-7:  ---> af52df83f2e8
I, [2017-07-19T11:35:30.291799 #15403]  INFO -- default-centos-7: Step 7/23 : RUN if ! getent passwd kitchen; then                 useradd -d /home/kitchen -m -s /bin/bash -p '*' kitchen;               fi
I, [2017-07-19T11:35:30.291822 #15403]  INFO -- default-centos-7:  ---> Using cache
I, [2017-07-19T11:35:30.291889 #15403]  INFO -- default-centos-7:  ---> 9c5c77f2401e
I, [2017-07-19T11:35:30.291940 #15403]  INFO -- default-centos-7: Step 8/23 : RUN echo "kitchen ALL=(ALL) NOPASSWD: ALL" >> /etc/sudoers
I, [2017-07-19T11:35:30.291961 #15403]  INFO -- default-centos-7:  ---> Using cache
I, [2017-07-19T11:35:30.291978 #15403]  INFO -- default-centos-7:  ---> 0eaaf77b75f7
I, [2017-07-19T11:35:30.291995 #15403]  INFO -- default-centos-7: Step 9/23 : RUN echo "Defaults !requiretty" >> /etc/sudoers
I, [2017-07-19T11:35:30.292327 #15403]  INFO -- default-centos-7:  ---> Using cache
I, [2017-07-19T11:35:30.292416 #15403]  INFO -- default-centos-7:  ---> 68858626fb50
I, [2017-07-19T11:35:30.292442 #15403]  INFO -- default-centos-7: Step 10/23 : RUN mkdir -p /home/kitchen/.ssh
I, [2017-07-19T11:35:30.292461 #15403]  INFO -- default-centos-7:  ---> Using cache
I, [2017-07-19T11:35:30.292478 #15403]  INFO -- default-centos-7:  ---> 2cc581f31cb2
I, [2017-07-19T11:35:30.292495 #15403]  INFO -- default-centos-7: Step 11/23 : RUN chown -R kitchen /home/kitchen/.ssh
I, [2017-07-19T11:35:30.292762 #15403]  INFO -- default-centos-7:  ---> Using cache
I, [2017-07-19T11:35:30.292798 #15403]  INFO -- default-centos-7:  ---> 2523d25d3051
I, [2017-07-19T11:35:30.292867 #15403]  INFO -- default-centos-7: Step 12/23 : RUN chmod 0700 /home/kitchen/.ssh
I, [2017-07-19T11:35:30.293061 #15403]  INFO -- default-centos-7:  ---> Using cache
I, [2017-07-19T11:35:30.293096 #15403]  INFO -- default-centos-7:  ---> a7edf05584d4
I, [2017-07-19T11:35:30.293120 #15403]  INFO -- default-centos-7: Step 13/23 : RUN touch /home/kitchen/.ssh/authorized_keys
I, [2017-07-19T11:35:30.293605 #15403]  INFO -- default-centos-7:  ---> Using cache
I, [2017-07-19T11:35:30.293723 #15403]  INFO -- default-centos-7:  ---> 46547c16685e
I, [2017-07-19T11:35:30.293768 #15403]  INFO -- default-centos-7: Step 14/23 : RUN chown kitchen /home/kitchen/.ssh/authorized_keys
I, [2017-07-19T11:35:30.308076 #15403]  INFO -- default-centos-7:  ---> Using cache
I, [2017-07-19T11:35:30.308188 #15403]  INFO -- default-centos-7:  ---> 1563e30a1340
I, [2017-07-19T11:35:30.308219 #15403]  INFO -- default-centos-7: Step 15/23 : RUN chmod 0600 /home/kitchen/.ssh/authorized_keys
I, [2017-07-19T11:35:30.308243 #15403]  INFO -- default-centos-7:  ---> Using cache
I, [2017-07-19T11:35:30.308263 #15403]  INFO -- default-centos-7:  ---> 28679dea295f
I, [2017-07-19T11:35:30.308288 #15403]  INFO -- default-centos-7: Step 16/23 : RUN yum install epel-release -y
I, [2017-07-19T11:35:30.308309 #15403]  INFO -- default-centos-7:  ---> Using cache
I, [2017-07-19T11:35:30.308334 #15403]  INFO -- default-centos-7:  ---> 0333ea323657
I, [2017-07-19T11:35:30.308405 #15403]  INFO -- default-centos-7: Step 17/23 : RUN yum makecache
I, [2017-07-19T11:35:30.308426 #15403]  INFO -- default-centos-7:  ---> Using cache
I, [2017-07-19T11:35:30.308446 #15403]  INFO -- default-centos-7:  ---> b2ee9ac3bd0e
I, [2017-07-19T11:35:30.308497 #15403]  INFO -- default-centos-7: Step 18/23 : RUN yum -y install ansible libselinux-python git
I, [2017-07-19T11:35:30.308519 #15403]  INFO -- default-centos-7:  ---> Using cache
I, [2017-07-19T11:35:30.308537 #15403]  INFO -- default-centos-7:  ---> 267d65954903
I, [2017-07-19T11:35:30.308555 #15403]  INFO -- default-centos-7: Step 19/23 : RUN yum install -y curl tree git yum-utils bind-utils jq openssh-clients rsync python-setuptools python-pip pyYAML python-jinja2 python-httplib2 unzip
I, [2017-07-19T11:35:30.308574 #15403]  INFO -- default-centos-7:  ---> Using cache
I, [2017-07-19T11:35:30.308591 #15403]  INFO -- default-centos-7:  ---> 429a4004ef43
I, [2017-07-19T11:35:30.308617 #15403]  INFO -- default-centos-7: Step 20/23 : RUN pip install --upgrade pip
I, [2017-07-19T11:35:30.308703 #15403]  INFO -- default-centos-7:  ---> Using cache
I, [2017-07-19T11:35:30.308767 #15403]  INFO -- default-centos-7:  ---> bb693b8c64b0
I, [2017-07-19T11:35:30.308809 #15403]  INFO -- default-centos-7: Step 21/23 : RUN pip install ansible marathon pexpect dnspython pyvmomi pysphere bigsuds jsonschema requests netaddr dnspython boto virtualenv
I, [2017-07-19T11:35:30.309736 #15403]  INFO -- default-centos-7:  ---> Using cache
I, [2017-07-19T11:35:30.309882 #15403]  INFO -- default-centos-7:  ---> a777e62b5532
I, [2017-07-19T11:35:30.309947 #15403]  INFO -- default-centos-7: Step 22/23 : RUN yum install -y ruby
I, [2017-07-19T11:35:30.311954 #15403]  INFO -- default-centos-7:  ---> Using cache
I, [2017-07-19T11:35:30.312046 #15403]  INFO -- default-centos-7:  ---> 81879eef019e
I, [2017-07-19T11:35:30.312082 #15403]  INFO -- default-centos-7: Step 23/23 : RUN echo ssh-rsa\ AAAAB3NzaC1yc2EAAAADAQABAAABAQCUHvW7stDHymo\+37HcU7fFc29Vl2Itj8E5y/T2MpIaHN\+/Qr6g4q/CREBz2XZZpNboAwjvPespTOj5RsZFiYN3ngqgEr9vmPoJPBje\+vEU/5L7CKXyzjzVb9IgtCIbjifJj21Tjkl8sowTH4JKTzN78i30ietnKqE\+rdEDM0b8mxvNeXR4tYNc9ZKAD9KQJ2d04JY4x8t4awEOohAM\+a0BLkUEEQAVGBCztxtM5ROPKaM8vurjSwN/KXrY3Yy3gLTDvI2G8EhewidX9Yjx0qqc3SrDAcTHdi7c7\+RvOX09t8C3CFNaDeWO2tDsujQBnse2QBplOAw5GpVNymxMRBO7\ kitchen_docker_key >> /home/kitchen/.ssh/authorized_keys
I, [2017-07-19T11:35:30.337409 #15403]  INFO -- default-centos-7:  ---> Running in f0a684b135d8
I, [2017-07-19T11:35:32.772612 #15403]  INFO -- default-centos-7:  ---> 090f00b2068b
I, [2017-07-19T11:35:32.806630 #15403]  INFO -- default-centos-7: Removing intermediate container f0a684b135d8
I, [2017-07-19T11:35:32.808697 #15403]  INFO -- default-centos-7: Successfully built 090f00b2068b
I, [2017-07-19T11:35:32.864263 #15403]  INFO -- default-centos-7: e10df1f66349dd59feecb189ef558c78a4c5d16460423063e7449bb0724b474a
I, [2017-07-19T11:35:33.119170 #15403]  INFO -- default-centos-7: 0.0.0.0:32772
I, [2017-07-19T11:35:33.215636 #15403]  INFO -- default-centos-7: [SSH] Established
I, [2017-07-19T11:35:33.217884 #15403]  INFO -- default-centos-7: Finished creating <default-centos-7> (0m3.05s).
I, [2017-07-19T11:35:33.218014 #15403]  INFO -- default-centos-7: -----> Converging <default-centos-7>...
I, [2017-07-19T11:35:33.218793 #15403]  INFO -- default-centos-7: Preparing files for transfer
I, [2017-07-19T11:35:33.218856 #15403]  INFO -- default-centos-7: Preparing playbook
I, [2017-07-19T11:35:33.219187 #15403]  INFO -- default-centos-7: Preparing inventory
I, [2017-07-19T11:35:33.219409 #15403]  INFO -- default-centos-7: Preparing modules
I, [2017-07-19T11:35:33.219601 #15403]  INFO -- default-centos-7: nothing to do for modules
I, [2017-07-19T11:35:33.219637 #15403]  INFO -- default-centos-7: Preparing roles
E, [2017-07-19T11:35:33.220090 #15403] ERROR -- default-centos-7: Converge failed on instance <default-centos-7>.
E, [2017-07-19T11:35:33.220165 #15403] ERROR -- default-centos-7: ------Exception-------
E, [2017-07-19T11:35:33.220182 #15403] ERROR -- default-centos-7: Class: Errno::ENOENT
E, [2017-07-19T11:35:33.220195 #15403] ERROR -- default-centos-7: Message: No such file or directory
E, [2017-07-19T11:35:33.220208 #15403] ERROR -- default-centos-7: ----------------------
E, [2017-07-19T11:35:33.220269 #15403] ERROR -- default-centos-7: ------Backtrace-------
E, [2017-07-19T11:35:33.220293 #15403] ERROR -- default-centos-7: /usr/share/ruby/find.rb:40:in `block in find'
E, [2017-07-19T11:35:33.220315 #15403] ERROR -- default-centos-7: /usr/share/ruby/find.rb:40:in `collect!'
E, [2017-07-19T11:35:33.220331 #15403] ERROR -- default-centos-7: /usr/share/ruby/find.rb:40:in `find'
E, [2017-07-19T11:35:33.220344 #15403] ERROR -- default-centos-7: /usr/local/share/gems/gems/kitchen-ansible-0.47.2/lib/kitchen/provisioner/ansible_playbook.rb:928:in `prepare_roles'
E, [2017-07-19T11:35:33.220360 #15403] ERROR -- default-centos-7: /usr/local/share/gems/gems/kitchen-ansible-0.47.2/lib/kitchen/provisioner/ansible_playbook.rb:280:in `create_sandbox'
E, [2017-07-19T11:35:33.220372 #15403] ERROR -- default-centos-7: /usr/local/share/gems/gems/test-kitchen-1.16.0/lib/kitchen/provisioner/base.rb:65:in `call'
E, [2017-07-19T11:35:33.220383 #15403] ERROR -- default-centos-7: /usr/local/share/gems/gems/test-kitchen-1.16.0/lib/kitchen/instance.rb:384:in `block in converge_action'
E, [2017-07-19T11:35:33.220394 #15403] ERROR -- default-centos-7: /usr/local/share/gems/gems/test-kitchen-1.16.0/lib/kitchen/instance.rb:527:in `synchronize_or_call'
E, [2017-07-19T11:35:33.220405 #15403] ERROR -- default-centos-7: /usr/local/share/gems/gems/test-kitchen-1.16.0/lib/kitchen/instance.rb:489:in `block in action'
E, [2017-07-19T11:35:33.220419 #15403] ERROR -- default-centos-7: /usr/share/ruby/benchmark.rb:281:in `measure'
E, [2017-07-19T11:35:33.220431 #15403] ERROR -- default-centos-7: /usr/local/share/gems/gems/test-kitchen-1.16.0/lib/kitchen/instance.rb:488:in `action'
E, [2017-07-19T11:35:33.220444 #15403] ERROR -- default-centos-7: /usr/local/share/gems/gems/test-kitchen-1.16.0/lib/kitchen/instance.rb:380:in `converge_action'
E, [2017-07-19T11:35:33.220456 #15403] ERROR -- default-centos-7: /usr/local/share/gems/gems/test-kitchen-1.16.0/lib/kitchen/instance.rb:359:in `block in transition_to'
E, [2017-07-19T11:35:33.220470 #15403] ERROR -- default-centos-7: /usr/local/share/gems/gems/test-kitchen-1.16.0/lib/kitchen/instance.rb:358:in `each'
E, [2017-07-19T11:35:33.220482 #15403] ERROR -- default-centos-7: /usr/local/share/gems/gems/test-kitchen-1.16.0/lib/kitchen/instance.rb:358:in `transition_to'
E, [2017-07-19T11:35:33.220493 #15403] ERROR -- default-centos-7: /usr/local/share/gems/gems/test-kitchen-1.16.0/lib/kitchen/instance.rb:157:in `verify'
E, [2017-07-19T11:35:33.220504 #15403] ERROR -- default-centos-7: /usr/local/share/gems/gems/test-kitchen-1.16.0/lib/kitchen/command.rb:197:in `public_send'
E, [2017-07-19T11:35:33.220517 #15403] ERROR -- default-centos-7: /usr/local/share/gems/gems/test-kitchen-1.16.0/lib/kitchen/command.rb:197:in `run_action_in_thread'
E, [2017-07-19T11:35:33.220528 #15403] ERROR -- default-centos-7: /usr/local/share/gems/gems/test-kitchen-1.16.0/lib/kitchen/command.rb:169:in `block (2 levels) in run_action'
E, [2017-07-19T11:35:33.220539 #15403] ERROR -- default-centos-7: ----End Backtrace-----
